Copyright 1986-2019 Xilinx, Inc. All Rights Reserved.
------------------------------------------------------------------------------------
| Tool Version : Vivado v.2019.2 (lin64) Build 2708876 Wed Nov  6 21:39:14 MST 2019
| Date         : Mon May 22 18:39:39 2023
| Host         : nb running 64-bit Ubuntu 22.04.2 LTS
| Command      : upgrade_ip
| Device       : xc7a200tfbg676-1
------------------------------------------------------------------------------------

Upgrade Log for IP 'tagv_sram'

1. Summary
----------

SUCCESS in the upgrade of tagv_sram (xilinx.com:ip:blk_mem_gen:8.4) from (Rev. 3) to (Rev. 4)






Copyright 1986-2019 Xilinx, Inc. All Rights Reserved.
------------------------------------------------------------------------------------
| Tool Version : Vivado v.2019.2 (lin64) Build 2708876 Wed Nov  6 21:39:14 MST 2019
| Date         : Mon May 22 18:39:39 2023
| Host         : nb running 64-bit Ubuntu 22.04.2 LTS
| Command      : upgrade_ip
| Device       : xc7a200tfbg676-1
------------------------------------------------------------------------------------

Upgrade Log for IP 'data_bank_sram'

1. Summary
----------

SUCCESS in the upgrade of data_bank_sram (xilinx.com:ip:blk_mem_gen:8.4) from (Rev. 3) to (Rev. 4)

