#-----------------------------------------------------------
# Vivado v2019.2 (64-bit)
# SW Build 2708876 on Wed Nov  6 21:39:14 MST 2019
# IP Build 2700528 on Thu Nov  7 00:09:20 MST 2019
# Start of session at: Tue Nov 22 11:49:19 2022
# Process ID: 6162
# Current directory: /home/chenji/release_20221122/cdp_ede_local/mycpu_env/gettrace
# Command line: vivado /home/chenji/release_20221122/cdp_ede_local/mycpu_env/gettrace/gettrace.xpr
# Log file: /home/chenji/release_20221122/cdp_ede_local/mycpu_env/gettrace/vivado.log
# Journal file: /home/chenji/release_20221122/cdp_ede_local/mycpu_env/gettrace/vivado.jou
#-----------------------------------------------------------
start_gui
open_project /home/chenji/release_20221122/cdp_ede_local/mycpu_env/gettrace/gettrace.xpr
INFO: [Project 1-313] Project file moved from 'C:/work/CDP_EDE_local/mycpu_env/gettrace' since last save.
Scanning sources...
Finished scanning sources
WARNING: [filemgmt 56-2] IPUserFilesDir: Could not find the directory '/home/chenji/release_20221122/cdp_ede_local/mycpu_env/gettrace/gettrace.ip_user_files', nor could it be found using path '/home/chenji/release_20221122/cdp_ede_local/mycpu_env/gettrace/C:/work/CDP_EDE_local/mycpu_env/gettrace/gettrace.ip_user_files'.
INFO: [IP_Flow 19-234] Refreshing IP repositories
INFO: [IP_Flow 19-1704] No user IP repositories specified
INFO: [IP_Flow 19-2313] Loaded Vivado IP repository '/opt/Xilinx/Vivado/2019.2/data/ip'.
update_compile_order -fileset sources_1
launch_simulation
Command: launch_simulation 
INFO: [Vivado 12-5682] Launching behavioral simulation in '/home/chenji/release_20221122/cdp_ede_local/mycpu_env/gettrace/gettrace.sim/sim_1/behav/xsim'
INFO: [SIM-utils-51] Simulation object is 'sim_1'
INFO: [SIM-utils-54] Inspecting design source files for 'tb_top' in fileset 'sim_1'...
INFO: [USF-XSim-97] Finding global include files...
INFO: [USF-XSim-98] Fetching design files from 'sim_1'...
INFO: [USF-XSim-2] XSim::Compile design
INFO: [USF-XSim-61] Executing 'COMPILE and ANALYZE' step in '/home/chenji/release_20221122/cdp_ede_local/mycpu_env/gettrace/gettrace.sim/sim_1/behav/xsim'
xvlog --incr --relax -prj tb_top_vlog.prj
INFO: [VRFC 10-2263] Analyzing Verilog file "/home/chenji/release_20221122/cdp_ede_local/mycpu_env/gettrace/src/myCPU/SimpleLACoreWrapRAM.v" into library xil_defaultlib
INFO: [VRFC 10-311] analyzing module SimpleLACore
INFO: [VRFC 10-311] analyzing module SimpleLACoreWrapRAM
INFO: [VRFC 10-2263] Analyzing Verilog file "/home/chenji/release_20221122/cdp_ede_local/mycpu_env/gettrace/src/BRIDGE/bridge_1x2.v" into library xil_defaultlib
INFO: [VRFC 10-311] analyzing module bridge_1x2
INFO: [VRFC 10-2263] Analyzing Verilog file "/home/chenji/release_20221122/cdp_ede_local/mycpu_env/gettrace/src/CONFREG/confreg.v" into library xil_defaultlib
INFO: [VRFC 10-311] analyzing module confreg
INFO: [VRFC 10-2263] Analyzing Verilog file "/home/chenji/release_20221122/cdp_ede_local/mycpu_env/gettrace/src/soc_lite_top.v" into library xil_defaultlib
INFO: [VRFC 10-311] analyzing module soc_lite_top
INFO: [VRFC 10-2263] Analyzing Verilog file "/home/chenji/release_20221122/cdp_ede_local/mycpu_env/gettrace/src/tb_top.v" into library xil_defaultlib
INFO: [VRFC 10-311] analyzing module tb_top
INFO: [VRFC 10-2263] Analyzing Verilog file "/home/chenji/release_20221122/cdp_ede_local/mycpu_env/gettrace/gettrace.sim/sim_1/behav/xsim/glbl.v" into library xil_defaultlib
INFO: [VRFC 10-311] analyzing module glbl
INFO: [USF-XSim-69] 'compile' step finished in '1' seconds
INFO: [USF-XSim-3] XSim::Elaborate design
INFO: [USF-XSim-61] Executing 'ELABORATE' step in '/home/chenji/release_20221122/cdp_ede_local/mycpu_env/gettrace/gettrace.sim/sim_1/behav/xsim'
xelab -wto f64dd51de259492d93bd1922eb923ed9 --incr --debug typical --relax --mt 8 -L xil_defaultlib -L unisims_ver -L unimacro_ver -L secureip --snapshot tb_top_behav xil_defaultlib.tb_top xil_defaultlib.glbl -log elaborate.log
Vivado Simulator 2019.2
Copyright 1986-1999, 2001-2019 Xilinx, Inc. All Rights Reserved.
Running: /opt/Xilinx/Vivado/2019.2/bin/unwrapped/lnx64.o/xelab -wto f64dd51de259492d93bd1922eb923ed9 --incr --debug typical --relax --mt 8 -L xil_defaultlib -L unisims_ver -L unimacro_ver -L secureip --snapshot tb_top_behav xil_defaultlib.tb_top xil_defaultlib.glbl -log elaborate.log 
Using 8 slave threads.
Starting static elaboration
Pass Through NonSizing Optimizer
Completed static elaboration
Starting simulation data flow analysis
WARNING: [XSIM 43-4099] "/home/chenji/release_20221122/cdp_ede_local/mycpu_env/gettrace/src/soc_lite_top.v" Line 60. Module soc_lite_top(SIMULATION=1'b1) doesn't have a timescale but at least one module in design has a timescale.
WARNING: [XSIM 43-4099] "/home/chenji/release_20221122/cdp_ede_local/mycpu_env/gettrace/src/myCPU/SimpleLACoreWrapRAM.v" Line 6759. Module SimpleLACoreWrapRAM doesn't have a timescale but at least one module in design has a timescale.
WARNING: [XSIM 43-4099] "/home/chenji/release_20221122/cdp_ede_local/mycpu_env/gettrace/src/myCPU/SimpleLACoreWrapRAM.v" Line 1. Module SimpleLACore doesn't have a timescale but at least one module in design has a timescale.
WARNING: [XSIM 43-4099] "/home/chenji/release_20221122/cdp_ede_local/mycpu_env/gettrace/src/BRIDGE/bridge_1x2.v" Line 50. Module bridge_1x2 doesn't have a timescale but at least one module in design has a timescale.
WARNING: [XSIM 43-4099] "/home/chenji/release_20221122/cdp_ede_local/mycpu_env/gettrace/src/CONFREG/confreg.v" Line 74. Module confreg(SIMULATION=1'b1) doesn't have a timescale but at least one module in design has a timescale.
Completed simulation data flow analysis
Time Resolution for simulation is 1ps
Compiling module xil_defaultlib.SimpleLACore
Compiling module xil_defaultlib.SimpleLACoreWrapRAM
Compiling module xil_defaultlib.bridge_1x2
Compiling module xil_defaultlib.confreg(SIMULATION=1'b1)
Compiling module xil_defaultlib.soc_lite_top(SIMULATION=1'b1)
Compiling module xil_defaultlib.tb_top
Compiling module xil_defaultlib.glbl
Built simulation snapshot tb_top_behav

****** Webtalk v2019.2 (64-bit)
  **** SW Build 2708876 on Wed Nov  6 21:39:14 MST 2019
  **** IP Build 2700528 on Thu Nov  7 00:09:20 MST 2019
    ** Copyright 1986-2019 Xilinx, Inc. All Rights Reserved.

source /home/chenji/release_20221122/cdp_ede_local/mycpu_env/gettrace/gettrace.sim/sim_1/behav/xsim/xsim.dir/tb_top_behav/webtalk/xsim_webtalk.tcl -notrace
webtalk_transmit: Time (s): cpu = 00:00:00.70 ; elapsed = 00:00:06 . Memory (MB): peak = 384.953 ; gain = 0.000 ; free physical = 5103 ; free virtual = 10739
INFO: [Common 17-206] Exiting Webtalk at Tue Nov 22 11:49:57 2022...
run_program: Time (s): cpu = 00:00:09 ; elapsed = 00:00:11 . Memory (MB): peak = 6601.941 ; gain = 0.000 ; free physical = 5500 ; free virtual = 11137
INFO: [USF-XSim-69] 'elaborate' step finished in '10' seconds
INFO: [USF-XSim-4] XSim::Simulate design
INFO: [USF-XSim-61] Executing 'SIMULATE' step in '/home/chenji/release_20221122/cdp_ede_local/mycpu_env/gettrace/gettrace.sim/sim_1/behav/xsim'
INFO: [USF-XSim-98] *** Running xsim
   with args "tb_top_behav -key {Behavioral:sim_1:Functional:tb_top} -tclbatch {tb_top.tcl} -log {simulate.log}"
INFO: [USF-XSim-8] Loading simulator feature
Vivado Simulator 2019.2
Time resolution is 1 ps
source tb_top.tcl
# set curr_wave [current_wave_config]
# if { [string length $curr_wave] == 0 } {
#   if { [llength [get_objects]] > 0} {
#     add_wave /
#     set_property needs_save false [current_wave_config]
#   } else {
#      send_msg_id Add_Wave-1 WARNING "No top level signals found. Simulator will start without a wave window. If you want to open a wave window go to 'File->New Waveform Configuration' or type 'create_wave_config' in the TCL console."
#   }
# }
# run 1000ns
INFO: [USF-XSim-96] XSim completed. Design snapshot 'tb_top_behav' loaded.
INFO: [USF-XSim-97] XSim simulation ran for 1000ns
launch_simulation: Time (s): cpu = 00:00:23 ; elapsed = 00:00:17 . Memory (MB): peak = 6792.602 ; gain = 190.660 ; free physical = 5429 ; free virtual = 11067
run all
==============================================================
Test begin!
----[  12055 ns] Number 8'd01 Functional Test Point PASS!!!
        [  22000 ns] Test is running, debug_wb_pc = 0x1c04cc14
        [  32000 ns] Test is running, debug_wb_pc = 0x1c04dbb4
----[  36405 ns] Number 8'd02 Functional Test Point PASS!!!
        [  42000 ns] Test is running, debug_wb_pc = 0x1c0625b8
        [  52000 ns] Test is running, debug_wb_pc = 0x1c063558
----[  54735 ns] Number 8'd03 Functional Test Point PASS!!!
        [  62000 ns] Test is running, debug_wb_pc = 0x1c0739bc
        [  72000 ns] Test is running, debug_wb_pc = 0x1c07495c
----[  79085 ns] Number 8'd04 Functional Test Point PASS!!!
        [  82000 ns] Test is running, debug_wb_pc = 0x1c077230
        [  92000 ns] Test is running, debug_wb_pc = 0x1c0781d0
        [ 102000 ns] Test is running, debug_wb_pc = 0x1c079170
----[ 103435 ns] Number 8'd05 Functional Test Point PASS!!!
        [ 112000 ns] Test is running, debug_wb_pc = 0x1c07a804
        [ 122000 ns] Test is running, debug_wb_pc = 0x1c07b7a4
----[ 127785 ns] Number 8'd06 Functional Test Point PASS!!!
        [ 132000 ns] Test is running, debug_wb_pc = 0x1c07c920
        [ 142000 ns] Test is running, debug_wb_pc = 0x1c07d8c0
        [ 152000 ns] Test is running, debug_wb_pc = 0x1c07e860
----[ 152135 ns] Number 8'd07 Functional Test Point PASS!!!
        [ 162000 ns] Test is running, debug_wb_pc = 0x1c07f7b4
        [ 172000 ns] Test is running, debug_wb_pc = 0x1c080754
----[ 176485 ns] Number 8'd08 Functional Test Point PASS!!!
        [ 182000 ns] Test is running, debug_wb_pc = 0x1c0816a8
        [ 192000 ns] Test is running, debug_wb_pc = 0x1c082648
----[ 200835 ns] Number 8'd09 Functional Test Point PASS!!!
        [ 202000 ns] Test is running, debug_wb_pc = 0x1c00fa1c
        [ 212000 ns] Test is running, debug_wb_pc = 0x1c0109bc
        [ 222000 ns] Test is running, debug_wb_pc = 0x1c01195c
----[ 225185 ns] Number 8'd10 Functional Test Point PASS!!!
        [ 232000 ns] Test is running, debug_wb_pc = 0x1c0128b0
        [ 242000 ns] Test is running, debug_wb_pc = 0x1c013850
----[ 243515 ns] Number 8'd11 Functional Test Point PASS!!!
        [ 252000 ns] Test is running, debug_wb_pc = 0x1c0147a4
----[ 261845 ns] Number 8'd12 Functional Test Point PASS!!!
        [ 262000 ns] Test is running, debug_wb_pc = 0x1c00f3d4
        [ 272000 ns] Test is running, debug_wb_pc = 0x1c016698
----[ 280175 ns] Number 8'd13 Functional Test Point PASS!!!
        [ 282000 ns] Test is running, debug_wb_pc = 0x1c0175ec
----[ 290685 ns] Number 8'd14 Functional Test Point PASS!!!
        [ 292000 ns] Test is running, debug_wb_pc = 0x1c018540
----[ 301995 ns] Number 8'd15 Functional Test Point PASS!!!
        [ 302000 ns] Test is running, debug_wb_pc = 0x1c00f140
        [ 312000 ns] Test is running, debug_wb_pc = 0x1c01a90c
        [ 322000 ns] Test is running, debug_wb_pc = 0x1c01bd5c
        [ 332000 ns] Test is running, debug_wb_pc = 0x1c01ce4c
        [ 342000 ns] Test is running, debug_wb_pc = 0x1c01df54
        [ 352000 ns] Test is running, debug_wb_pc = 0x1c01f30c
        [ 362000 ns] Test is running, debug_wb_pc = 0x1c02079c
----[ 363495 ns] Number 8'd16 Functional Test Point PASS!!!
        [ 372000 ns] Test is running, debug_wb_pc = 0x1c0218b4
        [ 382000 ns] Test is running, debug_wb_pc = 0x1c022998
        [ 392000 ns] Test is running, debug_wb_pc = 0x1c023c94
        [ 402000 ns] Test is running, debug_wb_pc = 0x1c025124
        [ 412000 ns] Test is running, debug_wb_pc = 0x1c02637c
        [ 422000 ns] Test is running, debug_wb_pc = 0x1c02746c
----[ 428955 ns] Number 8'd17 Functional Test Point PASS!!!
        [ 432000 ns] Test is running, debug_wb_pc = 0x1c028520
        [ 442000 ns] Test is running, debug_wb_pc = 0x1c0295bc
        [ 452000 ns] Test is running, debug_wb_pc = 0x1c02a664
        [ 462000 ns] Test is running, debug_wb_pc = 0x1c02b720
        [ 472000 ns] Test is running, debug_wb_pc = 0x1c02c7bc
        [ 482000 ns] Test is running, debug_wb_pc = 0x1c02d864
----[ 489225 ns] Number 8'd18 Functional Test Point PASS!!!
        [ 492000 ns] Test is running, debug_wb_pc = 0x1c02e8c0
        [ 502000 ns] Test is running, debug_wb_pc = 0x1c02f980
        [ 512000 ns] Test is running, debug_wb_pc = 0x1c030a30
        [ 522000 ns] Test is running, debug_wb_pc = 0x1c031af8
        [ 532000 ns] Test is running, debug_wb_pc = 0x1c032bb8
        [ 542000 ns] Test is running, debug_wb_pc = 0x1c033c78
----[ 545495 ns] Number 8'd19 Functional Test Point PASS!!!
        [ 552000 ns] Test is running, debug_wb_pc = 0x1c035c8c
        [ 562000 ns] Test is running, debug_wb_pc = 0x1c036dd4
        [ 572000 ns] Test is running, debug_wb_pc = 0x1c037f24
        [ 582000 ns] Test is running, debug_wb_pc = 0x1c03905c
----[ 583765 ns] Number 8'd20 Functional Test Point PASS!!!
        [ 592000 ns] Test is running, debug_wb_pc = 0x1c039ff8
        [ 602000 ns] Test is running, debug_wb_pc = 0x1c03af98
----[ 611125 ns] Number 8'd21 Functional Test Point PASS!!!
        [ 612000 ns] Test is running, debug_wb_pc = 0x1c03bef0
        [ 622000 ns] Test is running, debug_wb_pc = 0x1c03ce90
----[ 629455 ns] Number 8'd22 Functional Test Point PASS!!!
        [ 632000 ns] Test is running, debug_wb_pc = 0x1c03dde4
        [ 642000 ns] Test is running, debug_wb_pc = 0x1c03ed84
----[ 647785 ns] Number 8'd23 Functional Test Point PASS!!!
        [ 652000 ns] Test is running, debug_wb_pc = 0x1c03fcd8
        [ 662000 ns] Test is running, debug_wb_pc = 0x1c040c78
----[ 666115 ns] Number 8'd24 Functional Test Point PASS!!!
        [ 672000 ns] Test is running, debug_wb_pc = 0x1c041bcc
        [ 682000 ns] Test is running, debug_wb_pc = 0x1c042b6c
----[ 684445 ns] Number 8'd25 Functional Test Point PASS!!!
        [ 692000 ns] Test is running, debug_wb_pc = 0x1c043ac0
        [ 702000 ns] Test is running, debug_wb_pc = 0x1c044a60
----[ 702775 ns] Number 8'd26 Functional Test Point PASS!!!
        [ 712000 ns] Test is running, debug_wb_pc = 0x1c0459b4
        [ 722000 ns] Test is running, debug_wb_pc = 0x1c046954
----[ 727125 ns] Number 8'd27 Functional Test Point PASS!!!
        [ 732000 ns] Test is running, debug_wb_pc = 0x1c0478a8
        [ 742000 ns] Test is running, debug_wb_pc = 0x1c048848
----[ 751475 ns] Number 8'd28 Functional Test Point PASS!!!
        [ 752000 ns] Test is running, debug_wb_pc = 0x1c04979c
        [ 762000 ns] Test is running, debug_wb_pc = 0x1c04a73c
        [ 772000 ns] Test is running, debug_wb_pc = 0x1c04b6dc
----[ 775825 ns] Number 8'd29 Functional Test Point PASS!!!
        [ 782000 ns] Test is running, debug_wb_pc = 0x1c04ebf0
----[ 784595 ns] Number 8'd30 Functional Test Point PASS!!!
        [ 792000 ns] Test is running, debug_wb_pc = 0x1c04fb44
----[ 797235 ns] Number 8'd31 Functional Test Point PASS!!!
        [ 802000 ns] Test is running, debug_wb_pc = 0x1c050a9c
----[ 809625 ns] Number 8'd32 Functional Test Point PASS!!!
        [ 812000 ns] Test is running, debug_wb_pc = 0x1c0519f0
        [ 822000 ns] Test is running, debug_wb_pc = 0x1c052990
----[ 822155 ns] Number 8'd33 Functional Test Point PASS!!!
        [ 832000 ns] Test is running, debug_wb_pc = 0x1c0538e4
----[ 833525 ns] Number 8'd34 Functional Test Point PASS!!!
        [ 842000 ns] Test is running, debug_wb_pc = 0x1c054838
----[ 843485 ns] Number 8'd35 Functional Test Point PASS!!!
        [ 852000 ns] Test is running, debug_wb_pc = 0x1c055790
----[ 857825 ns] Number 8'd36 Functional Test Point PASS!!!
        [ 862000 ns] Test is running, debug_wb_pc = 0x1c0568b8
        [ 872000 ns] Test is running, debug_wb_pc = 0x1c057bf0
        [ 882000 ns] Test is running, debug_wb_pc = 0x1c059008
----[ 889975 ns] Number 8'd37 Functional Test Point PASS!!!
        [ 892000 ns] Test is running, debug_wb_pc = 0x1c05a354
        [ 902000 ns] Test is running, debug_wb_pc = 0x1c05b704
        [ 912000 ns] Test is running, debug_wb_pc = 0x1c05cabc
----[ 921955 ns] Number 8'd38 Functional Test Point PASS!!!
        [ 922000 ns] Test is running, debug_wb_pc = 0x1c00f3a8
        [ 932000 ns] Test is running, debug_wb_pc = 0x1c05f1bc
        [ 942000 ns] Test is running, debug_wb_pc = 0x1c0604e4
        [ 952000 ns] Test is running, debug_wb_pc = 0x1c061804
----[ 954655 ns] Number 8'd39 Functional Test Point PASS!!!
        [ 962000 ns] Test is running, debug_wb_pc = 0x1c06478c
        [ 972000 ns] Test is running, debug_wb_pc = 0x1c065b4c
        [ 982000 ns] Test is running, debug_wb_pc = 0x1c066edc
----[ 986695 ns] Number 8'd40 Functional Test Point PASS!!!
        [ 992000 ns] Test is running, debug_wb_pc = 0x1c06805c
        [1002000 ns] Test is running, debug_wb_pc = 0x1c068ffc
----[1005685 ns] Number 8'd41 Functional Test Point PASS!!!
        [1012000 ns] Test is running, debug_wb_pc = 0x1c069f50
----[1019715 ns] Number 8'd42 Functional Test Point PASS!!!
        [1022000 ns] Test is running, debug_wb_pc = 0x1c06aea4
        [1032000 ns] Test is running, debug_wb_pc = 0x1c06be44
----[1040145 ns] Number 8'd43 Functional Test Point PASS!!!
        [1042000 ns] Test is running, debug_wb_pc = 0x1c06cd98
        [1052000 ns] Test is running, debug_wb_pc = 0x1c06dd38
----[1058015 ns] Number 8'd44 Functional Test Point PASS!!!
        [1062000 ns] Test is running, debug_wb_pc = 0x1c06ec8c
        [1072000 ns] Test is running, debug_wb_pc = 0x1c06fc2c
----[1079755 ns] Number 8'd45 Functional Test Point PASS!!!
        [1082000 ns] Test is running, debug_wb_pc = 0x1c070b84
        [1092000 ns] Test is running, debug_wb_pc = 0x1c071b24
----[1099595 ns] Number 8'd46 Functional Test Point PASS!!!
        [1102000 ns] Test is running, debug_wb_pc = 0x1c00f070
----[1103275 ns] Number 8'd47 Functional Test Point PASS!!!
----[1107145 ns] Number 8'd48 Functional Test Point PASS!!!
        [1112000 ns] Test is running, debug_wb_pc = 0x1c072a68
        [1122000 ns] Test is running, debug_wb_pc = 0x1c072a68
        [1132000 ns] Test is running, debug_wb_pc = 0x1c072a68
        [1142000 ns] Test is running, debug_wb_pc = 0x1c072a68
        [1152000 ns] Test is running, debug_wb_pc = 0x1c072a74
        [1162000 ns] Test is running, debug_wb_pc = 0x1c072a74
        [1172000 ns] Test is running, debug_wb_pc = 0x1c072a74
        [1182000 ns] Test is running, debug_wb_pc = 0x1c072a74
        [1192000 ns] Test is running, debug_wb_pc = 0x1c072b24
        [1202000 ns] Test is running, debug_wb_pc = 0x1c072b24
        [1212000 ns] Test is running, debug_wb_pc = 0x1c072b24
        [1222000 ns] Test is running, debug_wb_pc = 0x1c072b24
        [1232000 ns] Test is running, debug_wb_pc = 0x1c072b30
        [1242000 ns] Test is running, debug_wb_pc = 0x1c072b30
        [1252000 ns] Test is running, debug_wb_pc = 0x1c072b30
        [1262000 ns] Test is running, debug_wb_pc = 0x1c072bd8
        [1272000 ns] Test is running, debug_wb_pc = 0x1c072bd8
        [1282000 ns] Test is running, debug_wb_pc = 0x1c072bd8
        [1292000 ns] Test is running, debug_wb_pc = 0x1c072bd8
        [1302000 ns] Test is running, debug_wb_pc = 0x1c072be4
        [1312000 ns] Test is running, debug_wb_pc = 0x1c072be4
        [1322000 ns] Test is running, debug_wb_pc = 0x1c072be4
        [1332000 ns] Test is running, debug_wb_pc = 0x1c072be4
        [1342000 ns] Test is running, debug_wb_pc = 0x1c072c64
        [1352000 ns] Test is running, debug_wb_pc = 0x1c072c64
        [1362000 ns] Test is running, debug_wb_pc = 0x1c072c64
        [1372000 ns] Test is running, debug_wb_pc = 0x1c072c64
        [1382000 ns] Test is running, debug_wb_pc = 0x1c072c70
        [1392000 ns] Test is running, debug_wb_pc = 0x1c072c70
        [1402000 ns] Test is running, debug_wb_pc = 0x1c072c70
        [1412000 ns] Test is running, debug_wb_pc = 0x1c072d08
        [1422000 ns] Test is running, debug_wb_pc = 0x1c072d08
        [1432000 ns] Test is running, debug_wb_pc = 0x1c072d08
        [1442000 ns] Test is running, debug_wb_pc = 0x1c072d08
        [1452000 ns] Test is running, debug_wb_pc = 0x1c072d14
        [1462000 ns] Test is running, debug_wb_pc = 0x1c072d14
        [1472000 ns] Test is running, debug_wb_pc = 0x1c072d14
        [1482000 ns] Test is running, debug_wb_pc = 0x1c072d14
        [1492000 ns] Test is running, debug_wb_pc = 0x1c072d94
        [1502000 ns] Test is running, debug_wb_pc = 0x1c072d94
        [1512000 ns] Test is running, debug_wb_pc = 0x1c072d94
        [1522000 ns] Test is running, debug_wb_pc = 0x1c072d94
        [1532000 ns] Test is running, debug_wb_pc = 0x1c072da0
        [1542000 ns] Test is running, debug_wb_pc = 0x1c072da0
        [1552000 ns] Test is running, debug_wb_pc = 0x1c072da0
        [1562000 ns] Test is running, debug_wb_pc = 0x1c072e28
        [1572000 ns] Test is running, debug_wb_pc = 0x1c072e28
        [1582000 ns] Test is running, debug_wb_pc = 0x1c072e28
        [1592000 ns] Test is running, debug_wb_pc = 0x1c072e28
        [1602000 ns] Test is running, debug_wb_pc = 0x1c072e34
        [1612000 ns] Test is running, debug_wb_pc = 0x1c072e34
        [1622000 ns] Test is running, debug_wb_pc = 0x1c072e34
        [1632000 ns] Test is running, debug_wb_pc = 0x1c072e34
----[1639165 ns] Number 8'd49 Functional Test Point PASS!!!
        [1642000 ns] Test is running, debug_wb_pc = 0x1c00815c
----[1643055 ns] Number 8'd50 Functional Test Point PASS!!!
----[1650825 ns] Number 8'd51 Functional Test Point PASS!!!
        [1652000 ns] Test is running, debug_wb_pc = 0x1c008070
----[1656015 ns] Number 8'd52 Functional Test Point PASS!!!
----[1661275 ns] Number 8'd53 Functional Test Point PASS!!!
        [1662000 ns] Test is running, debug_wb_pc = 0x1c008290
----[1666535 ns] Number 8'd54 Functional Test Point PASS!!!
----[1671805 ns] Number 8'd55 Functional Test Point PASS!!!
        [1672000 ns] Test is running, debug_wb_pc = 0x1c076340
----[1677145 ns] Number 8'd56 Functional Test Point PASS!!!
        [1682000 ns] Test is running, debug_wb_pc = 0x1c008018
----[1682485 ns] Number 8'd57 Functional Test Point PASS!!!
----[1684885 ns] Number 8'd58 Functional Test Point PASS!!!
----[1688515 ns] Number 8'd59 Functional Test Point PASS!!!
        [1692000 ns] Test is running, debug_wb_pc = 0x1c079430
----[1693465 ns] Number 8'd60 Functional Test Point PASS!!!
----[1696595 ns] Number 8'd61 Functional Test Point PASS!!!
        [1702000 ns] Test is running, debug_wb_pc = 0x1c0795e8
----[1702105 ns] Number 8'd62 Functional Test Point PASS!!!
----[1707425 ns] Number 8'd63 Functional Test Point PASS!!!
----[1711995 ns] Number 8'd64 Functional Test Point PASS!!!
        [1712000 ns] Test is running, debug_wb_pc = 0x1c00f2ec
----[1717085 ns] Number 8'd65 Functional Test Point PASS!!!
----[1721615 ns] Number 8'd66 Functional Test Point PASS!!!
        [1722000 ns] Test is running, debug_wb_pc = 0x1c00f51c
----[1725955 ns] Number 8'd67 Functional Test Point PASS!!!
----[1730325 ns] Number 8'd68 Functional Test Point PASS!!!
        [1732000 ns] Test is running, debug_wb_pc = 0x1c00f720
----[1734705 ns] Number 8'd69 Functional Test Point PASS!!!
----[1736275 ns] Number 8'd70 Functional Test Point PASS!!!
==============================================================
gettrace end!
----Succeed in generating trace file!
$finish called at time : 1736605 ns : File "/home/chenji/release_20221122/cdp_ede_local/mycpu_env/gettrace/src/tb_top.v" Line 224
run: Time (s): cpu = 00:00:18 ; elapsed = 00:00:20 . Memory (MB): peak = 6792.602 ; gain = 0.000 ; free physical = 5388 ; free virtual = 11076
close_sim
INFO: [Simtcl 6-16] Simulation closed
close_sim: Time (s): cpu = 00:00:26 ; elapsed = 00:00:08 . Memory (MB): peak = 6792.602 ; gain = 0.000 ; free physical = 4120 ; free virtual = 10175
exit
INFO: [Common 17-206] Exiting Vivado at Tue Nov 22 11:59:15 2022...
