Copyright 1986-2019 Xilinx, Inc. All Rights Reserved.
----------------------------------------------------------------------------------------------------------------------------------------------------------------------
| Tool Version     : Vivado v.2019.2 (lin64) Build 2708876 Wed Nov  6 21:39:14 MST 2019
| Date             : Thu Jul 27 01:18:17 2023
| Host             : nb running 64-bit Ubuntu 22.04.2 LTS
| Command          : report_power -file soc_axi_lite_top_power_routed.rpt -pb soc_axi_lite_top_power_summary_routed.pb -rpx soc_axi_lite_top_power_routed.rpx
| Design           : soc_axi_lite_top
| Device           : xc7a200tfbg676-1
| Design State     : routed
| Grade            : commercial
| Process          : typical
| Characterization : Production
----------------------------------------------------------------------------------------------------------------------------------------------------------------------

Power Report

Table of Contents
-----------------
1. Summary
1.1 On-Chip Components
1.2 Power Supply Summary
1.3 Confidence Level
2. Settings
2.1 Environment
2.2 Clock Constraints
3. Detailed Reports
3.1 By Hierarchy

1. Summary
----------

+--------------------------+--------------+
| Total On-Chip Power (W)  | 0.360        |
| Design Power Budget (W)  | Unspecified* |
| Power Budget Margin (W)  | NA           |
| Dynamic (W)              | 0.209        |
| Device Static (W)        | 0.151        |
| Effective TJA (C/W)      | 1.9          |
| Max Ambient (C)          | 84.3         |
| Junction Temperature (C) | 25.7         |
| Confidence Level         | Low          |
| Setting File             | ---          |
| Simulation Activity File | ---          |
| Design Nets Matched      | NA           |
+--------------------------+--------------+
* Specify Design Power Budget using, set_operating_conditions -design_power_budget <value in Watts>


1.1 On-Chip Components
----------------------

+--------------------------+-----------+----------+-----------+-----------------+
| On-Chip                  | Power (W) | Used     | Available | Utilization (%) |
+--------------------------+-----------+----------+-----------+-----------------+
| Clocks                   |     0.037 |        6 |       --- |             --- |
| Slice Logic              |     0.011 |    41962 |       --- |             --- |
|   LUT as Logic           |     0.010 |    21360 |    133800 |           15.96 |
|   Register               |    <0.001 |    12524 |    267600 |            4.68 |
|   CARRY4                 |    <0.001 |      566 |     33450 |            1.69 |
|   LUT as Distributed RAM |    <0.001 |      148 |     46200 |            0.32 |
|   F7/F8 Muxes            |    <0.001 |     2096 |    133800 |            1.57 |
|   BUFG                   |    <0.001 |        2 |        32 |            6.25 |
|   Others                 |     0.000 |     1016 |       --- |             --- |
|   LUT as Shift Register  |     0.000 |        2 |     46200 |           <0.01 |
| Signals                  |     0.036 |    32872 |       --- |             --- |
| Block RAM                |     0.014 |    268.5 |       365 |           73.56 |
| PLL                      |     0.108 |        1 |        10 |           10.00 |
| I/O                      |     0.004 |       55 |       400 |           13.75 |
| Static Power             |     0.151 |          |           |                 |
| Total                    |     0.360 |          |           |                 |
+--------------------------+-----------+----------+-----------+-----------------+


1.2 Power Supply Summary
------------------------

+-----------+-------------+-----------+-------------+------------+
| Source    | Voltage (V) | Total (A) | Dynamic (A) | Static (A) |
+-----------+-------------+-----------+-------------+------------+
| Vccint    |       1.000 |     0.134 |       0.097 |      0.037 |
| Vccaux    |       1.800 |     0.090 |       0.059 |      0.031 |
| Vcco33    |       3.300 |     0.006 |       0.001 |      0.005 |
| Vcco25    |       2.500 |     0.000 |       0.000 |      0.000 |
| Vcco18    |       1.800 |     0.000 |       0.000 |      0.000 |
| Vcco15    |       1.500 |     0.000 |       0.000 |      0.000 |
| Vcco135   |       1.350 |     0.000 |       0.000 |      0.000 |
| Vcco12    |       1.200 |     0.000 |       0.000 |      0.000 |
| Vccaux_io |       1.800 |     0.000 |       0.000 |      0.000 |
| Vccbram   |       1.000 |     0.008 |       0.001 |      0.007 |
| MGTAVcc   |       1.000 |     0.000 |       0.000 |      0.000 |
| MGTAVtt   |       1.200 |     0.000 |       0.000 |      0.000 |
| Vccadc    |       1.800 |     0.020 |       0.000 |      0.020 |
+-----------+-------------+-----------+-------------+------------+


1.3 Confidence Level
--------------------

+-----------------------------+------------+--------------------------------------------------------+------------------------------------------------------------------------------------------------------------+
| User Input Data             | Confidence | Details                                                | Action                                                                                                     |
+-----------------------------+------------+--------------------------------------------------------+------------------------------------------------------------------------------------------------------------+
| Design implementation state | High       | Design is routed                                       |                                                                                                            |
| Clock nodes activity        | High       | User specified more than 95% of clocks                 |                                                                                                            |
| I/O nodes activity          | Low        | More than 75% of inputs are missing user specification | Provide missing input activity with simulation results or by editing the "By Resource Type -> I/Os" view   |
| Internal nodes activity     | Medium     | User specified less than 25% of internal nodes         | Provide missing internal nodes activity with simulation results or by editing the "By Resource Type" views |
| Device models               | High       | Device models are Production                           |                                                                                                            |
|                             |            |                                                        |                                                                                                            |
| Overall confidence level    | Low        |                                                        |                                                                                                            |
+-----------------------------+------------+--------------------------------------------------------+------------------------------------------------------------------------------------------------------------+


2. Settings
-----------

2.1 Environment
---------------

+-----------------------+--------------------------+
| Ambient Temp (C)      | 25.0                     |
| ThetaJA (C/W)         | 1.9                      |
| Airflow (LFM)         | 250                      |
| Heat Sink             | medium (Medium Profile)  |
| ThetaSA (C/W)         | 3.4                      |
| Board Selection       | medium (10"x10")         |
| # of Board Layers     | 12to15 (12 to 15 Layers) |
| Board Temperature (C) | 25.0                     |
+-----------------------+--------------------------+


2.2 Clock Constraints
---------------------

+------------------+-----------------------------------+-----------------+
| Clock            | Domain                            | Constraint (ns) |
+------------------+-----------------------------------+-----------------+
| clk              | clk                               |            10.0 |
| clkfbout_clk_pll | pll.clk_pll/inst/clkfbout_clk_pll |            10.0 |
| cpu_clk_clk_pll  | pll.clk_pll/inst/cpu_clk_clk_pll  |            16.2 |
| sys_clk_clk_pll  | pll.clk_pll/inst/sys_clk_clk_pll  |            10.0 |
+------------------+-----------------------------------+-----------------+


3. Detailed Reports
-------------------

3.1 By Hierarchy
----------------

+---------------------------------------------------+-----------+
| Name                                              | Power (W) |
+---------------------------------------------------+-----------+
| soc_axi_lite_top                                  |     0.209 |
|   pll.clk_pll                                     |     0.109 |
|     inst                                          |     0.109 |
|   u_axi_clock_sync                                |     0.006 |
|     inst                                          |     0.006 |
|       gen_clock_conv.gen_async_conv.asyncfifo_axi |     0.006 |
|   u_axi_crossbar_1x2                              |     0.005 |
|     inst                                          |     0.005 |
|       gen_samd.crossbar_samd                      |     0.005 |
|   u_axi_ram                                       |     0.027 |
|     ram                                           |     0.027 |
|       U0                                          |     0.027 |
|   u_confreg                                       |     0.007 |
|   u_cpu                                           |     0.051 |
|     mycpu_cache_item                              |     0.051 |
|       cpu                                         |     0.037 |
|       dcache_item                                 |     0.003 |
|       icache_item                                 |     0.011 |
+---------------------------------------------------+-----------+


